
Showing logs for build [32mcb-kubecd-environment-pr-124-24-wrrgg-1[0m stage [32mfrom-build-pack[0m and container [32mstep-credential-initializer-96stz[0m
{"level":"warn","ts":1578358962.2432258,"logger":"fallback-logger","caller":"logging/config.go:69","msg":"Fetch GitHub commit ID from kodata failed: \"ref: refs/heads/0.8.0-**-support-backwards-incompats\" is not a valid GitHub commit ID"}
{"level":"info","ts":1578358962.244211,"logger":"fallback-logger","caller":"creds-init/main.go:40","msg":"Credentials initialized."}

Showing logs for build [32mcb-kubecd-environment-pr-124-24-wrrgg-1[0m stage [32mfrom-build-pack[0m and container [32mstep-working-dir-initializer-b58hd[0m
{"level":"warn","ts":1578358962.969812,"logger":"fallback-logger","caller":"logging/config.go:69","msg":"Fetch GitHub commit ID from kodata failed: open /var/run/ko/HEAD: no such file or directory"}
{"level":"info","ts":1578358962.9712806,"logger":"fallback-logger","caller":"bash/main.go:64","msg":"Successfully executed command \"sh -c mkdir -p /workspace/source\"; output "}

Showing logs for build [32mcb-kubecd-environment-pr-124-24-wrrgg-1[0m stage [32mfrom-build-pack[0m and container [32mstep-place-tools[0m

Showing logs for build [32mcb-kubecd-environment-pr-124-24-wrrgg-1[0m stage [32mfrom-build-pack[0m and container [32mstep-git-source-cb-kubecd-environment-pr-124-24-5xnf7[0m
{"level":"warn","ts":1578358967.1418555,"logger":"fallback-logger","caller":"logging/config.go:69","msg":"Fetch GitHub commit ID from kodata failed: \"ref: refs/heads/0.8.0-**-support-backwards-incompats\" is not a valid GitHub commit ID"}
{"level":"info","ts":1578358968.2782476,"logger":"fallback-logger","caller":"git/git.go:103","msg":"Successfully cloned https://github.com/cb-kubecd/environment-pr-124-24-boot-vault-gke-production.git @ master in path /workspace/source"}

Showing logs for build [32mcb-kubecd-environment-pr-124-24-wrrgg-1[0m stage [32mfrom-build-pack[0m and container [32mstep-git-merge[0m
Using SHAs from PULL_REFS=master:876cc31e743a2f9d2a7f8ecce8c2c9516cbcc019,1:761899f7fe9f3b368a64d4c0c6d285a307e97ab3
DEBUG: ran git fetch --unshallow origin 761899f7fe9f3b368a64d4c0c6d285a307e97ab3: 876cc31e743a2f9d2a7f8ecce8c2c9516cbcc019: in 
DEBUG: ran git checkout master in 
DEBUG: ran git reset --hard 876cc31e743a2f9d2a7f8ecce8c2c9516cbcc019 in 
DEBUG: ran clean --force -d . in 
DEBUG: ran git merge 761899f7fe9f3b368a64d4c0c6d285a307e97ab3 in 
Merged SHA 761899f7fe9f3b368a64d4c0c6d285a307e97ab3 with commit message 'chore: Promote bdd-spring-1578357622 to version 0.0.1' into base branch master

Showing logs for build [32mcb-kubecd-environment-pr-124-24-wrrgg-1[0m stage [32mfrom-build-pack[0m and container [32mstep-build-helm-build[0m
WARNING: No $CHART_REPOSITORY defined so using the default value of: http://jenkins-x-chartmuseum:8080
Adding missing Helm repo: storage.googleapis.com https://storage.googleapis.com/chartmuseum.jenkins-x.io
WARNING: No secrets found on "helm/repos" due: reading the secret "helm/repos" from vault: no secret "helm/repos" not found in vault
Read credentials for https://storage.googleapis.com/chartmuseum.jenkins-x.io from vault helm/repos
Successfully added Helm repository storage.googleapis.com.
Adding missing Helm repo: jenkins-x-chartmuseum http://jenkins-x-chartmuseum:8080
WARNING: No secrets found on "helm/repos" due: reading the secret "helm/repos" from vault: no secret "helm/repos" not found in vault
Read credentials for http://jenkins-x-chartmuseum:8080 from vault helm/repos
Successfully added Helm repository jenkins-x-chartmuseum.
WARNING: No $CHART_REPOSITORY defined so using the default value of: http://jenkins-x-chartmuseum:8080
Adding missing Helm repo: chartmuseum.jenkins-x.io http://chartmuseum.jenkins-x.io
WARNING: No secrets found on "helm/repos" due: reading the secret "helm/repos" from vault: no secret "helm/repos" not found in vault
Read credentials for http://chartmuseum.jenkins-x.io from vault helm/repos
Successfully added Helm repository chartmuseum.jenkins-x.io.
